<?xml version="1.0" encoding="UTF-8"?>
<!-- Generated by org.testng.reporters.JUnitXMLReporter -->
<testsuite hostname="DESKTOP-CMQ45V3" name="Regression" tests="5" failures="5" timestamp="4 Aug 2020 16:45:05 GMT" time="0.102" errors="0">
  <testcase name="Advertising" time="0.034" classname="testNG.Googleoprations">
    <failure type="java.lang.NullPointerException">
      <![CDATA[java.lang.NullPointerException
	at testNG.Googleoprations.Advertising(Googleoprations.java:59)
... Removed 24 stack frames]]>
    </failure>
  </testcase> <!-- Advertising -->
  <testcase name="Gmail" time="0.003" classname="testNG.Googleoprations">
    <failure type="java.lang.NullPointerException">
      <![CDATA[java.lang.NullPointerException
	at testNG.Googleoprations.Gmail(Googleoprations.java:53)
... Removed 24 stack frames]]>
    </failure>
  </testcase> <!-- Gmail -->
  <testcase name="Images" time="0.002" classname="testNG.Googleoprations">
    <failure type="java.lang.NullPointerException">
      <![CDATA[java.lang.NullPointerException
	at testNG.Googleoprations.Images(Googleoprations.java:29)
... Removed 24 stack frames]]>
    </failure>
  </testcase> <!-- Images -->
  <testcase name="printtitle" time="0.006" classname="testNG.Googleoprations">
    <failure type="java.lang.NullPointerException">
      <![CDATA[java.lang.NullPointerException
	at testNG.Googleoprations.printtitle(Googleoprations.java:45)
... Removed 24 stack frames]]>
    </failure>
  </testcase> <!-- printtitle -->
  <testcase name="privacy" time="0.002" classname="testNG.Googleoprations">
    <failure type="java.lang.NullPointerException">
      <![CDATA[java.lang.NullPointerException
	at testNG.Googleoprations.privacy(Googleoprations.java:37)
... Removed 24 stack frames]]>
    </failure>
  </testcase> <!-- privacy -->
</testsuite> <!-- Regression -->
