<?xml version="1.0" encoding="UTF-8"?>
<testng-results skipped="0" failed="0" total="3" passed="3">
  <reporter-output>
  </reporter-output>
  <suite name="Suite" duration-ms="221" started-at="2020-02-12T17:38:43Z" finished-at="2020-02-12T17:38:43Z">
    <groups>
    </groups>
    <test name="Test" duration-ms="42" started-at="2020-02-12T17:38:43Z" finished-at="2020-02-12T17:38:43Z">
      <class name="practise.ParameterizeTestNG">
        <test-method status="PASS" signature="firstTest(java.lang.String)[pri:0, instance:practise.ParameterizeTestNG@cc285f4]" name="firstTest" duration-ms="18" started-at="2020-02-12T23:08:43Z" finished-at="2020-02-12T23:08:43Z">
          <params>
            <param index="0">
              <value>
                <![CDATA[suite level parameter]]>
              </value>
            </param>
          </params>
          <reporter-output>
          </reporter-output>
        </test-method> <!-- firstTest -->
      </class> <!-- practise.ParameterizeTestNG -->
    </test> <!-- Test -->
    <test name="Test 2" duration-ms="7" started-at="2020-02-12T17:38:43Z" finished-at="2020-02-12T17:38:43Z">
      <class name="practise.ParameterizeTestNG">
        <test-method status="PASS" signature="secondTest(java.lang.String)[pri:0, instance:practise.ParameterizeTestNG@47c62251]" name="secondTest" duration-ms="2" started-at="2020-02-12T23:08:43Z" finished-at="2020-02-12T23:08:43Z">
          <params>
            <param index="0">
              <value>
                <![CDATA[test level parameter]]>
              </value>
            </param>
          </params>
          <reporter-output>
          </reporter-output>
        </test-method> <!-- secondTest -->
      </class> <!-- practise.ParameterizeTestNG -->
    </test> <!-- Test 2 -->
    <test name="Test 3" duration-ms="4" started-at="2020-02-12T17:38:43Z" finished-at="2020-02-12T17:38:43Z">
      <class name="practise.ParameterizeTestNG">
        <test-method status="PASS" signature="thirdTest(java.lang.String, java.lang.String)[pri:0, instance:practise.ParameterizeTestNG@1bce4f0a]" name="thirdTest" duration-ms="0" started-at="2020-02-12T23:08:43Z" finished-at="2020-02-12T23:08:43Z">
          <params>
            <param index="0">
              <value>
                <![CDATA[overriding suite level]]>
              </value>
            </param>
            <param index="1">
              <value>
                <![CDATA[test level parameter]]>
              </value>
            </param>
          </params>
          <reporter-output>
          </reporter-output>
        </test-method> <!-- thirdTest -->
      </class> <!-- practise.ParameterizeTestNG -->
    </test> <!-- Test 3 -->
  </suite> <!-- Suite -->
</testng-results>
